Analysis & Synthesis report for Lab2
Tue May 15 14:36:09 2012
Quartus II 32-bit Version 11.1 Build 216 11/23/2011 Service Pack 1 SJ Web Edition


---------------------
; Table of Contents ;
---------------------
  1. Legal Notice
  2. Analysis & Synthesis Summary
  3. Analysis & Synthesis Settings
  4. Parallel Compilation
  5. Analysis & Synthesis Source Files Read
  6. Analysis & Synthesis Resource Usage Summary
  7. Analysis & Synthesis Resource Utilization by Entity
  8. State Machine - |Lab2|SPI:spi|state
  9. State Machine - |Lab2|Controller:cnt|state
 10. State Machine - |Lab2|KP_top:kp|KP_Key_Ascii:as|state
 11. State Machine - |Lab2|KP_top:kp|KP_sMachine:stm|state
 12. Registers Removed During Synthesis
 13. General Register Statistics
 14. Multiplexer Restructuring Statistics (Restructuring Performed)
 15. Source assignments for Top-level Entity: |Lab2
 16. Parameter Settings for User Entity Instance: KP_top:kp|KP_sMachine:stm
 17. Parameter Settings for User Entity Instance: KP_top:kp|KP_Key_Ascii:as
 18. Parameter Settings for User Entity Instance: Controller:cnt
 19. Parameter Settings for User Entity Instance: SPI:spi
 20. Analysis & Synthesis Messages



----------------
; Legal Notice ;
----------------
Copyright (C) 1991-2011 Altera Corporation
Your use of Altera Corporation's design tools, logic functions 
and other software and tools, and its AMPP partner logic 
functions, and any output files from any of the foregoing 
(including device programming or simulation files), and any 
associated documentation or information are expressly subject 
to the terms and conditions of the Altera Program License 
Subscription Agreement, Altera MegaCore Function License 
Agreement, or other applicable license agreement, including, 
without limitation, that your use is for the sole purpose of 
programming logic devices manufactured by Altera and sold by 
Altera or its authorized distributors.  Please refer to the 
applicable agreement for further details.



+-----------------------------------------------------------------------------+
; Analysis & Synthesis Summary                                                ;
+-----------------------------+-----------------------------------------------+
; Analysis & Synthesis Status ; Successful - Tue May 15 14:36:09 2012         ;
; Quartus II 32-bit Version   ; 11.1 Build 216 11/23/2011 SP 1 SJ Web Edition ;
; Revision Name               ; Lab2                                          ;
; Top-level Entity Name       ; Lab2                                          ;
; Family                      ; MAX II                                        ;
; Total logic elements        ; 113                                           ;
; Total pins                  ; 33                                            ;
; Total virtual pins          ; 0                                             ;
; UFM blocks                  ; 0 / 1 ( 0 % )                                 ;
+-----------------------------+-----------------------------------------------+


+----------------------------------------------------------------------------------------------------------------------+
; Analysis & Synthesis Settings                                                                                        ;
+----------------------------------------------------------------------------+--------------------+--------------------+
; Option                                                                     ; Setting            ; Default Value      ;
+----------------------------------------------------------------------------+--------------------+--------------------+
; Device                                                                     ; EPM2210F324C3      ;                    ;
; Top-level entity name                                                      ; Lab2               ; Lab2               ;
; Family name                                                                ; MAX II             ; Cyclone IV GX      ;
; Use smart compilation                                                      ; Off                ; Off                ;
; Enable parallel Assembler and TimeQuest Timing Analyzer during compilation ; On                 ; On                 ;
; Enable compact report table                                                ; Off                ; Off                ;
; Restructure Multiplexers                                                   ; Auto               ; Auto               ;
; Create Debugging Nodes for IP Cores                                        ; Off                ; Off                ;
; Preserve fewer node names                                                  ; On                 ; On                 ;
; Disable OpenCore Plus hardware evaluation                                  ; Off                ; Off                ;
; Verilog Version                                                            ; Verilog_2001       ; Verilog_2001       ;
; VHDL Version                                                               ; VHDL_1993          ; VHDL_1993          ;
; State Machine Processing                                                   ; Auto               ; Auto               ;
; Safe State Machine                                                         ; Off                ; Off                ;
; Extract Verilog State Machines                                             ; On                 ; On                 ;
; Extract VHDL State Machines                                                ; On                 ; On                 ;
; Ignore Verilog initial constructs                                          ; Off                ; Off                ;
; Iteration limit for constant Verilog loops                                 ; 5000               ; 5000               ;
; Iteration limit for non-constant Verilog loops                             ; 250                ; 250                ;
; Add Pass-Through Logic to Inferred RAMs                                    ; On                 ; On                 ;
; Infer RAMs from Raw Logic                                                  ; On                 ; On                 ;
; Parallel Synthesis                                                         ; On                 ; On                 ;
; NOT Gate Push-Back                                                         ; On                 ; On                 ;
; Power-Up Don't Care                                                        ; On                 ; On                 ;
; Remove Redundant Logic Cells                                               ; Off                ; Off                ;
; Remove Duplicate Registers                                                 ; On                 ; On                 ;
; Ignore CARRY Buffers                                                       ; Off                ; Off                ;
; Ignore CASCADE Buffers                                                     ; Off                ; Off                ;
; Ignore GLOBAL Buffers                                                      ; Off                ; Off                ;
; Ignore ROW GLOBAL Buffers                                                  ; Off                ; Off                ;
; Ignore LCELL Buffers                                                       ; Off                ; Off                ;
; Ignore SOFT Buffers                                                        ; On                 ; On                 ;
; Limit AHDL Integers to 32 Bits                                             ; Off                ; Off                ;
; Optimization Technique                                                     ; Balanced           ; Balanced           ;
; Carry Chain Length                                                         ; 70                 ; 70                 ;
; Auto Carry Chains                                                          ; On                 ; On                 ;
; Auto Open-Drain Pins                                                       ; On                 ; On                 ;
; Perform WYSIWYG Primitive Resynthesis                                      ; Off                ; Off                ;
; Auto Shift Register Replacement                                            ; Auto               ; Auto               ;
; Allow Shift Register Merging across Hierarchies                            ; Auto               ; Auto               ;
; Auto Clock Enable Replacement                                              ; On                 ; On                 ;
; Allow Synchronous Control Signals                                          ; On                 ; On                 ;
; Force Use of Synchronous Clear Signals                                     ; Off                ; Off                ;
; Auto Resource Sharing                                                      ; Off                ; Off                ;
; Use LogicLock Constraints during Resource Balancing                        ; On                 ; On                 ;
; Ignore translate_off and synthesis_off directives                          ; Off                ; Off                ;
; Report Parameter Settings                                                  ; On                 ; On                 ;
; Report Source Assignments                                                  ; On                 ; On                 ;
; Report Connectivity Checks                                                 ; On                 ; On                 ;
; Ignore Maximum Fan-Out Assignments                                         ; Off                ; Off                ;
; Synchronization Register Chain Length                                      ; 2                  ; 2                  ;
; PowerPlay Power Optimization                                               ; Normal compilation ; Normal compilation ;
; HDL message level                                                          ; Level2             ; Level2             ;
; Suppress Register Optimization Related Messages                            ; Off                ; Off                ;
; Number of Removed Registers Reported in Synthesis Report                   ; 5000               ; 5000               ;
; Number of Inverted Registers Reported in Synthesis Report                  ; 100                ; 100                ;
; Clock MUX Protection                                                       ; On                 ; On                 ;
; Block Design Naming                                                        ; Auto               ; Auto               ;
; Synthesis Effort                                                           ; Auto               ; Auto               ;
; Shift Register Replacement - Allow Asynchronous Clear Signal               ; On                 ; On                 ;
; Analysis & Synthesis Message Level                                         ; Medium             ; Medium             ;
; Disable Register Merging Across Hierarchies                                ; Auto               ; Auto               ;
; Synthesis Seed                                                             ; 1                  ; 1                  ;
+----------------------------------------------------------------------------+--------------------+--------------------+


Parallel compilation was disabled, but you have multiple processors available. Enable parallel compilation to reduce compilation time.
+-------------------------------------+
; Parallel Compilation                ;
+----------------------------+--------+
; Processors                 ; Number ;
+----------------------------+--------+
; Number detected on machine ; 6      ;
; Maximum allowed            ; 1      ;
+----------------------------+--------+


+-----------------------------------------------------------------------------------------------------------------------------------------------------------------------------+
; Analysis & Synthesis Source Files Read                                                                                                                                      ;
+----------------------------------+-----------------+------------------------+-----------------------------------------------------------------------------------------------+
; File Name with User-Entered Path ; Used in Netlist ; File Type              ; File Name with Absolute Path                                                                  ;
+----------------------------------+-----------------+------------------------+-----------------------------------------------------------------------------------------------+
; KP/KP_top.v                      ; yes             ; User Verilog HDL File  ; C:/Users/robopanda333/Documents/QuartusProjects/APLD_CST_351/LAB2/Synthisis/KP/KP_top.v       ;
; KP/KP_sMachine.v                 ; yes             ; User Verilog HDL File  ; C:/Users/robopanda333/Documents/QuartusProjects/APLD_CST_351/LAB2/Synthisis/KP/KP_sMachine.v  ;
; KP/KP_Scan.v                     ; yes             ; User Verilog HDL File  ; C:/Users/robopanda333/Documents/QuartusProjects/APLD_CST_351/LAB2/Synthisis/KP/KP_Scan.v      ;
; KP/KP_Latch.v                    ; yes             ; User Verilog HDL File  ; C:/Users/robopanda333/Documents/QuartusProjects/APLD_CST_351/LAB2/Synthisis/KP/KP_Latch.v     ;
; KP/KP_Key_Ascii.v                ; yes             ; User Verilog HDL File  ; C:/Users/robopanda333/Documents/QuartusProjects/APLD_CST_351/LAB2/Synthisis/KP/KP_Key_Ascii.v ;
; SPI.v                            ; yes             ; User Verilog HDL File  ; C:/Users/robopanda333/Documents/QuartusProjects/APLD_CST_351/LAB2/Synthisis/SPI.v             ;
; Lab2.v                           ; yes             ; User Verilog HDL File  ; C:/Users/robopanda333/Documents/QuartusProjects/APLD_CST_351/LAB2/Synthisis/Lab2.v            ;
; Controller.v                     ; yes             ; User Verilog HDL File  ; C:/Users/robopanda333/Documents/QuartusProjects/APLD_CST_351/LAB2/Synthisis/Controller.v      ;
; CLKDIV.v                         ; yes             ; User Verilog HDL File  ; C:/Users/robopanda333/Documents/QuartusProjects/APLD_CST_351/LAB2/Synthisis/CLKDIV.v          ;
; rom.txt                          ; yes             ; Auto-Found File        ; C:/Users/robopanda333/Documents/QuartusProjects/APLD_CST_351/LAB2/Synthisis/rom.txt           ;
+----------------------------------+-----------------+------------------------+-----------------------------------------------------------------------------------------------+


+-------------------------------------------------------------------+
; Analysis & Synthesis Resource Usage Summary                       ;
+---------------------------------------------+---------------------+
; Resource                                    ; Usage               ;
+---------------------------------------------+---------------------+
; Total logic elements                        ; 113                 ;
;     -- Combinational with no register       ; 48                  ;
;     -- Register only                        ; 8                   ;
;     -- Combinational with a register        ; 57                  ;
;                                             ;                     ;
; Logic element usage by number of LUT inputs ;                     ;
;     -- 4 input functions                    ; 33                  ;
;     -- 3 input functions                    ; 24                  ;
;     -- 2 input functions                    ; 45                  ;
;     -- 1 input functions                    ; 3                   ;
;     -- 0 input functions                    ; 0                   ;
;                                             ;                     ;
; Logic elements by mode                      ;                     ;
;     -- normal mode                          ; 95                  ;
;     -- arithmetic mode                      ; 18                  ;
;     -- qfbk mode                            ; 0                   ;
;     -- register cascade mode                ; 0                   ;
;     -- synchronous clear/load mode          ; 26                  ;
;     -- asynchronous clear/load mode         ; 0                   ;
;                                             ;                     ;
; Total registers                             ; 65                  ;
; Total logic cells in carry chains           ; 20                  ;
; I/O pins                                    ; 33                  ;
; Maximum fan-out node                        ; CLKDIV:cckdv|CLK_1k ;
; Maximum fan-out                             ; 45                  ;
; Total fan-out                               ; 424                 ;
; Average fan-out                             ; 2.90                ;
+---------------------------------------------+---------------------+


+----------------------------------------------------------------------------------------------------------------------------------------------------------------------------------------------------------------------------------+
; Analysis & Synthesis Resource Utilization by Entity                                                                                                                                                                              ;
+----------------------------+-------------+--------------+------------+------+--------------+--------------+-------------------+------------------+-----------------+------------+---------------------------------+--------------+
; Compilation Hierarchy Node ; Logic Cells ; LC Registers ; UFM Blocks ; Pins ; Virtual Pins ; LUT-Only LCs ; Register-Only LCs ; LUT/Register LCs ; Carry Chain LCs ; Packed LCs ; Full Hierarchy Name             ; Library Name ;
+----------------------------+-------------+--------------+------------+------+--------------+--------------+-------------------+------------------+-----------------+------------+---------------------------------+--------------+
; |Lab2                      ; 113 (0)     ; 65           ; 0          ; 33   ; 0            ; 48 (0)       ; 8 (0)             ; 57 (0)           ; 20 (0)          ; 0 (0)      ; |Lab2                           ; work         ;
;    |CLKDIV:cckdv|          ; 20 (20)     ; 16           ; 0          ; 0    ; 0            ; 4 (4)        ; 0 (0)             ; 16 (16)          ; 15 (15)         ; 0 (0)      ; |Lab2|CLKDIV:cckdv              ; work         ;
;    |Controller:cnt|        ; 36 (36)     ; 11           ; 0          ; 0    ; 0            ; 25 (25)      ; 0 (0)             ; 11 (11)          ; 5 (5)           ; 0 (0)      ; |Lab2|Controller:cnt            ; work         ;
;    |KP_top:kp|             ; 36 (1)      ; 21           ; 0          ; 0    ; 0            ; 15 (1)       ; 7 (0)             ; 14 (0)           ; 0 (0)           ; 0 (0)      ; |Lab2|KP_top:kp                 ; work         ;
;       |KP_Key_Ascii:as|    ; 15 (15)     ; 10           ; 0          ; 0    ; 0            ; 5 (5)        ; 1 (1)             ; 9 (9)            ; 0 (0)           ; 0 (0)      ; |Lab2|KP_top:kp|KP_Key_Ascii:as ; work         ;
;       |KP_Latch:lc|        ; 10 (10)     ; 6            ; 0          ; 0    ; 0            ; 4 (4)        ; 6 (6)             ; 0 (0)            ; 0 (0)           ; 0 (0)      ; |Lab2|KP_top:kp|KP_Latch:lc     ; work         ;
;       |KP_Scan:sc|         ; 6 (6)       ; 2            ; 0          ; 0    ; 0            ; 4 (4)        ; 0 (0)             ; 2 (2)            ; 0 (0)           ; 0 (0)      ; |Lab2|KP_top:kp|KP_Scan:sc      ; work         ;
;       |KP_sMachine:stm|    ; 4 (4)       ; 3            ; 0          ; 0    ; 0            ; 1 (1)        ; 0 (0)             ; 3 (3)            ; 0 (0)           ; 0 (0)      ; |Lab2|KP_top:kp|KP_sMachine:stm ; work         ;
;    |SPI:spi|               ; 21 (10)     ; 17           ; 0          ; 0    ; 0            ; 4 (2)        ; 1 (0)             ; 16 (8)           ; 0 (0)           ; 0 (0)      ; |Lab2|SPI:spi                   ; work         ;
;       |shift:U1|           ; 11 (11)     ; 9            ; 0          ; 0    ; 0            ; 2 (2)        ; 1 (1)             ; 8 (8)            ; 0 (0)           ; 0 (0)      ; |Lab2|SPI:spi|shift:U1          ; work         ;
+----------------------------+-------------+--------------+------------+------+--------------+--------------+-------------------+------------------+-----------------+------------+---------------------------------+--------------+
Note: For table entries with two numbers listed, the numbers in parentheses indicate the number of resources of the given type used by the specific entity alone. The numbers listed outside of parentheses indicate the total resources of the given type used by the specific entity and all of its sub-entities in the hierarchy.


Encoding Type:  One-Hot
+--------------------------------------------------------------------------------------------+
; State Machine - |Lab2|SPI:spi|state                                                        ;
+-------------------+-------------------+------------------+------------------+--------------+
; Name              ; state.s_ss_to_off ; state.s_shifting ; state.s_ss_to_on ; state.s_idle ;
+-------------------+-------------------+------------------+------------------+--------------+
; state.s_idle      ; 0                 ; 0                ; 0                ; 0            ;
; state.s_ss_to_on  ; 0                 ; 0                ; 1                ; 1            ;
; state.s_shifting  ; 0                 ; 1                ; 0                ; 1            ;
; state.s_ss_to_off ; 1                 ; 0                ; 0                ; 1            ;
+-------------------+-------------------+------------------+------------------+--------------+


Encoding Type:  One-Hot
+-------------------------------------------------------------------------------------------------------------------------------------------+
; State Machine - |Lab2|Controller:cnt|state                                                                                                ;
+---------------------+---------------------+---------------------+---------------------+-----------------+------------------+--------------+
; Name                ; state.s_Keypad_wait ; state.s_Keypad_send ; state.s_Keypad_idle ; state.s_waitInt ; state.s_sendData ; state.s_idle ;
+---------------------+---------------------+---------------------+---------------------+-----------------+------------------+--------------+
; state.s_idle        ; 0                   ; 0                   ; 0                   ; 0               ; 0                ; 0            ;
; state.s_sendData    ; 0                   ; 0                   ; 0                   ; 0               ; 1                ; 1            ;
; state.s_waitInt     ; 0                   ; 0                   ; 0                   ; 1               ; 0                ; 1            ;
; state.s_Keypad_idle ; 0                   ; 0                   ; 1                   ; 0               ; 0                ; 1            ;
; state.s_Keypad_send ; 0                   ; 1                   ; 0                   ; 0               ; 0                ; 1            ;
; state.s_Keypad_wait ; 1                   ; 0                   ; 0                   ; 0               ; 0                ; 1            ;
+---------------------+---------------------+---------------------+---------------------+-----------------+------------------+--------------+


Encoding Type:  One-Hot
+----------------------------------------------------------------+
; State Machine - |Lab2|KP_top:kp|KP_Key_Ascii:as|state          ;
+----------------+---------------+--------------+----------------+
; Name           ; state.s_first ; state.s_back ; state.s_second ;
+----------------+---------------+--------------+----------------+
; state.s_first  ; 0             ; 0            ; 0              ;
; state.s_second ; 1             ; 0            ; 1              ;
; state.s_back   ; 1             ; 1            ; 0              ;
+----------------+---------------+--------------+----------------+


Encoding Type:  One-Hot
+-----------------------------------------------------------------------------------------+
; State Machine - |Lab2|KP_top:kp|KP_sMachine:stm|state                                   ;
+------------------+------------------+------------------+-----------------+--------------+
; Name             ; state.s_DEBOUNCE ; state.s_RELEASED ; state.s_PRESSED ; state.s_SCAN ;
+------------------+------------------+------------------+-----------------+--------------+
; state.s_SCAN     ; 0                ; 0                ; 0               ; 0            ;
; state.s_PRESSED  ; 0                ; 0                ; 1               ; 1            ;
; state.s_RELEASED ; 0                ; 1                ; 0               ; 1            ;
; state.s_DEBOUNCE ; 1                ; 0                ; 0               ; 1            ;
+------------------+------------------+------------------+-----------------+--------------+


+---------------------------------------------------------------------------------------------+
; Registers Removed During Synthesis                                                          ;
+--------------------------------------------+------------------------------------------------+
; Register name                              ; Reason for Removal                             ;
+--------------------------------------------+------------------------------------------------+
; KP_top:kp|KP_Key_Ascii:as|Ascii[7]         ; Stuck at GND due to stuck port data_in         ;
; KP_top:kp|KP_Key_Ascii:as|Ascii[4]         ; Merged with KP_top:kp|KP_Key_Ascii:as|Ascii[5] ;
; SPI:spi|state~3                            ; Lost fanout                                    ;
; SPI:spi|state~4                            ; Lost fanout                                    ;
; Controller:cnt|state~3                     ; Lost fanout                                    ;
; Controller:cnt|state~4                     ; Lost fanout                                    ;
; Controller:cnt|state~5                     ; Lost fanout                                    ;
; Controller:cnt|state~6                     ; Lost fanout                                    ;
; KP_top:kp|KP_sMachine:stm|state~3          ; Lost fanout                                    ;
; KP_top:kp|KP_sMachine:stm|state~4          ; Lost fanout                                    ;
; KP_top:kp|KP_sMachine:stm|state.s_RELEASED ; Merged with KP_top:kp|KP_sMachine:stm|load     ;
; KP_top:kp|KP_sMachine:stm|state.s_DEBOUNCE ; Stuck at GND due to stuck port data_in         ;
; KP_top:kp|KP_sMachine:stm|count[0,1]       ; Stuck at GND due to stuck port data_in         ;
; Total Number of Removed Registers = 14     ;                                                ;
+--------------------------------------------+------------------------------------------------+


+------------------------------------------------------+
; General Register Statistics                          ;
+----------------------------------------------+-------+
; Statistic                                    ; Value ;
+----------------------------------------------+-------+
; Total registers                              ; 65    ;
; Number of registers using Synchronous Clear  ; 20    ;
; Number of registers using Synchronous Load   ; 6     ;
; Number of registers using Asynchronous Clear ; 0     ;
; Number of registers using Asynchronous Load  ; 0     ;
; Number of registers using Clock Enable       ; 7     ;
; Number of registers using Preset             ; 0     ;
+----------------------------------------------+-------+


+------------------------------------------------------------------------------------------------------------------------------------------------------------------------+
; Multiplexer Restructuring Statistics (Restructuring Performed)                                                                                                         ;
+--------------------+-----------+---------------+----------------------+------------------------+------------------------------------------+----------------------------+
; Multiplexer Inputs ; Bus Width ; Baseline Area ; Area if Restructured ; Saving if Restructured ; Registered                               ; Example Multiplexer Output ;
+--------------------+-----------+---------------+----------------------+------------------------+------------------------------------------+----------------------------+
; 3:1                ; 2 bits    ; 4 LEs         ; 2 LEs                ; 2 LEs                  ; |Lab2|KP_top:kp|KP_sMachine:stm|count[0] ;                            ;
; 3:1                ; 6 bits    ; 12 LEs        ; 12 LEs               ; 0 LEs                  ; |Lab2|SPI:spi|shift:U1|tmp[6]            ;                            ;
+--------------------+-----------+---------------+----------------------+------------------------+------------------------------------------+----------------------------+


+------------------------------------------------+
; Source assignments for Top-level Entity: |Lab2 ;
+------------+---------+------+------------------+
; Assignment ; Value   ; From ; To               ;
+------------+---------+------+------------------+
; LOCATION   ; Pin_B13 ; -    ; K_I[3]           ;
; LOCATION   ; Pin_B14 ; -    ; K_I[2]           ;
; LOCATION   ; Pin_B15 ; -    ; K_I[1]           ;
; LOCATION   ; Pin_B18 ; -    ; K_I[0]           ;
; LOCATION   ; Pin_B12 ; -    ; K_O[3]           ;
; LOCATION   ; Pin_B11 ; -    ; K_O[2]           ;
; LOCATION   ; Pin_A10 ; -    ; K_O[1]           ;
; LOCATION   ; Pin_B9  ; -    ; K_O[0]           ;
; LOCATION   ; Pin_U13 ; -    ; LED_RIGHT[3]     ;
; LOCATION   ; Pin_V13 ; -    ; LED_RIGHT[2]     ;
; LOCATION   ; Pin_U12 ; -    ; LED_RIGHT[1]     ;
; LOCATION   ; Pin_V12 ; -    ; LED_RIGHT[0]     ;
; LOCATION   ; Pin_U4  ; -    ; LED_LEFT[3]      ;
; LOCATION   ; Pin_V4  ; -    ; LED_LEFT[2]      ;
; LOCATION   ; Pin_U5  ; -    ; LED_LEFT[1]      ;
; LOCATION   ; Pin_V5  ; -    ; LED_LEFT[0]      ;
; LOCATION   ; Pin_C9  ; -    ; SEG[6]           ;
; LOCATION   ; Pin_C10 ; -    ; SEG[5]           ;
; LOCATION   ; Pin_D10 ; -    ; SEG[4]           ;
; LOCATION   ; Pin_C11 ; -    ; SEG[3]           ;
; LOCATION   ; Pin_D11 ; -    ; SEG[2]           ;
; LOCATION   ; Pin_C12 ; -    ; SEG[1]           ;
; LOCATION   ; Pin_D12 ; -    ; SEG[0]           ;
; LOCATION   ; Pin_H3  ; -    ; COM[2]           ;
; LOCATION   ; Pin_F3  ; -    ; COM[1]           ;
; LOCATION   ; Pin_C3  ; -    ; COM[0]           ;
; LOCATION   ; Pin_J6  ; -    ; CLK              ;
; LOCATION   ; Pin_C4  ; -    ; DP               ;
; LOCATION   ; Pin_B3  ; -    ; COM4             ;
; LOCATION   ; Pin_B16 ; -    ; sClk             ;
; LOCATION   ; Pin_D14 ; -    ; sOut             ;
; LOCATION   ; Pin_C15 ; -    ; sIn              ;
; LOCATION   ; Pin_C14 ; -    ; sSS              ;
+------------+---------+------+------------------+


+------------------------------------------------------------------------+
; Parameter Settings for User Entity Instance: KP_top:kp|KP_sMachine:stm ;
+----------------+-------+-----------------------------------------------+
; Parameter Name ; Value ; Type                                          ;
+----------------+-------+-----------------------------------------------+
; s_SCAN         ; 0     ; Signed Integer                                ;
; s_PRESSED      ; 1     ; Signed Integer                                ;
; s_RELEASED     ; 2     ; Signed Integer                                ;
; s_DEBOUNCE     ; 3     ; Signed Integer                                ;
+----------------+-------+-----------------------------------------------+
Note: In order to hide this table in the UI and the text report file, please set the "Show Parameter Settings in Synthesis Report" option in "Analysis and Synthesis Settings -> More Settings" to "Off".


+------------------------------------------------------------------------+
; Parameter Settings for User Entity Instance: KP_top:kp|KP_Key_Ascii:as ;
+----------------+-------+-----------------------------------------------+
; Parameter Name ; Value ; Type                                          ;
+----------------+-------+-----------------------------------------------+
; s_first        ; 0     ; Signed Integer                                ;
; s_second       ; 1     ; Signed Integer                                ;
; s_back         ; 2     ; Signed Integer                                ;
+----------------+-------+-----------------------------------------------+
Note: In order to hide this table in the UI and the text report file, please set the "Show Parameter Settings in Synthesis Report" option in "Analysis and Synthesis Settings -> More Settings" to "Off".


+-------------------------------------------------------------+
; Parameter Settings for User Entity Instance: Controller:cnt ;
+----------------+-------+------------------------------------+
; Parameter Name ; Value ; Type                               ;
+----------------+-------+------------------------------------+
; s_idle         ; 0     ; Signed Integer                     ;
; s_sendData     ; 1     ; Signed Integer                     ;
; s_waitInt      ; 2     ; Signed Integer                     ;
; s_Keypad_idle  ; 3     ; Signed Integer                     ;
; s_Keypad_send  ; 4     ; Signed Integer                     ;
; s_Keypad_wait  ; 5     ; Signed Integer                     ;
+----------------+-------+------------------------------------+
Note: In order to hide this table in the UI and the text report file, please set the "Show Parameter Settings in Synthesis Report" option in "Analysis and Synthesis Settings -> More Settings" to "Off".


+------------------------------------------------------+
; Parameter Settings for User Entity Instance: SPI:spi ;
+----------------+-------+-----------------------------+
; Parameter Name ; Value ; Type                        ;
+----------------+-------+-----------------------------+
; s_idle         ; 0     ; Signed Integer              ;
; s_ss_to_on     ; 1     ; Signed Integer              ;
; s_shifting     ; 2     ; Signed Integer              ;
; s_ss_to_off    ; 3     ; Signed Integer              ;
+----------------+-------+-----------------------------+
Note: In order to hide this table in the UI and the text report file, please set the "Show Parameter Settings in Synthesis Report" option in "Analysis and Synthesis Settings -> More Settings" to "Off".


+-------------------------------+
; Analysis & Synthesis Messages ;
+-------------------------------+
Info: *******************************************************************
Info: Running Quartus II 32-bit Analysis & Synthesis
    Info: Version 11.1 Build 216 11/23/2011 Service Pack 1 SJ Web Edition
    Info: Processing started: Tue May 15 14:36:08 2012
Info: Command: quartus_map --read_settings_files=on --write_settings_files=off Lab2 -c Lab2
Warning (20028): Parallel compilation is not licensed and has been disabled
Info (12021): Found 1 design units, including 1 entities, in source file kp/kp_top.v
    Info (12023): Found entity 1: KP_top
Info (12021): Found 1 design units, including 1 entities, in source file kp/kp_smachine.v
    Info (12023): Found entity 1: KP_sMachine
Info (12021): Found 1 design units, including 1 entities, in source file kp/kp_scan.v
    Info (12023): Found entity 1: KP_Scan
Info (12021): Found 1 design units, including 1 entities, in source file kp/kp_read.v
    Info (12023): Found entity 1: KP_Read
Info (12021): Found 1 design units, including 1 entities, in source file kp/kp_latch.v
    Info (12023): Found entity 1: KP_Latch
Info (12021): Found 1 design units, including 1 entities, in source file kp/kp_key_ascii.v
    Info (12023): Found entity 1: KP_Key_Ascii
Warning (10463): Verilog HDL Declaration warning at SPI.v(10): "int" is SystemVerilog-2005 keyword
Info (12021): Found 2 design units, including 2 entities, in source file spi.v
    Info (12023): Found entity 1: SPI
    Info (12023): Found entity 2: shift
Info (12021): Found 2 design units, including 2 entities, in source file lab2.v
    Info (12023): Found entity 1: Lab2
    Info (12023): Found entity 2: tristate
Info (12021): Found 1 design units, including 1 entities, in source file controller.v
    Info (12023): Found entity 1: Controller
Info (12021): Found 1 design units, including 1 entities, in source file clkdiv.v
    Info (12023): Found entity 1: CLKDIV
Warning (10236): Verilog HDL Implicit Net warning at CLKDIV.v(24): created implicit net for "en"
Info (12127): Elaborating entity "Lab2" for the top level hierarchy
Warning (10034): Output port "SEG" at Lab2.v(10) has no driver
Warning (10034): Output port "COM" at Lab2.v(11) has no driver
Warning (10034): Output port "DP" at Lab2.v(12) has no driver
Warning (10034): Output port "COM4" at Lab2.v(13) has no driver
Info (12128): Elaborating entity "CLKDIV" for hierarchy "CLKDIV:cckdv"
Info (12128): Elaborating entity "KP_top" for hierarchy "KP_top:kp"
Info (12128): Elaborating entity "KP_Scan" for hierarchy "KP_top:kp|KP_Scan:sc"
Info (12128): Elaborating entity "KP_sMachine" for hierarchy "KP_top:kp|KP_sMachine:stm"
Warning (10230): Verilog HDL assignment warning at KP_sMachine.v(49): truncated value with size 32 to match size of target (2)
Info (12128): Elaborating entity "KP_Latch" for hierarchy "KP_top:kp|KP_Latch:lc"
Info (12128): Elaborating entity "KP_Key_Ascii" for hierarchy "KP_top:kp|KP_Key_Ascii:as"
Info (12128): Elaborating entity "tristate" for hierarchy "tristate:ts"
Info (12128): Elaborating entity "Controller" for hierarchy "Controller:cnt"
Warning (10230): Verilog HDL assignment warning at Controller.v(54): truncated value with size 32 to match size of target (5)
Warning (10030): Net "mem.data_a" at Controller.v(14) has no driver or initial value, using a default initial value '0'
Warning (10030): Net "mem.waddr_a" at Controller.v(14) has no driver or initial value, using a default initial value '0'
Warning (10030): Net "mem.we_a" at Controller.v(14) has no driver or initial value, using a default initial value '0'
Info (12128): Elaborating entity "SPI" for hierarchy "SPI:spi"
Warning (10230): Verilog HDL assignment warning at SPI.v(50): truncated value with size 32 to match size of target (4)
Info (12128): Elaborating entity "shift" for hierarchy "SPI:spi|shift:U1"
Info (13014): Ignored 5 buffer(s)
    Info (13019): Ignored 5 SOFT buffer(s)
Info (13005): Duplicate registers merged to single register
Info (13005): Duplicate registers merged to single register
Warning (13024): Output pins are stuck at VCC or GND
    Warning (13410): Pin "SEG[0]" is stuck at GND
    Warning (13410): Pin "SEG[1]" is stuck at GND
    Warning (13410): Pin "SEG[2]" is stuck at GND
    Warning (13410): Pin "SEG[3]" is stuck at GND
    Warning (13410): Pin "SEG[4]" is stuck at GND
    Warning (13410): Pin "SEG[5]" is stuck at GND
    Warning (13410): Pin "SEG[6]" is stuck at GND
    Warning (13410): Pin "COM[0]" is stuck at GND
    Warning (13410): Pin "COM[1]" is stuck at GND
    Warning (13410): Pin "COM[2]" is stuck at GND
    Warning (13410): Pin "DP" is stuck at GND
    Warning (13410): Pin "COM4" is stuck at GND
Info (17049): 8 registers lost all their fanouts during netlist optimizations. The first 8 are displayed below.
    Info (17050): Register "SPI:spi|state~3" lost all its fanouts during netlist optimizations.
    Info (17050): Register "SPI:spi|state~4" lost all its fanouts during netlist optimizations.
    Info (17050): Register "Controller:cnt|state~3" lost all its fanouts during netlist optimizations.
    Info (17050): Register "Controller:cnt|state~4" lost all its fanouts during netlist optimizations.
    Info (17050): Register "Controller:cnt|state~5" lost all its fanouts during netlist optimizations.
    Info (17050): Register "Controller:cnt|state~6" lost all its fanouts during netlist optimizations.
    Info (17050): Register "KP_top:kp|KP_sMachine:stm|state~3" lost all its fanouts during netlist optimizations.
    Info (17050): Register "KP_top:kp|KP_sMachine:stm|state~4" lost all its fanouts during netlist optimizations.
Warning (21074): Design contains 1 input pin(s) that do not drive logic
    Warning (15610): No output dependent on input pin "sIn"
Info (21057): Implemented 146 device resources after synthesis - the final resource count might be different
    Info (21058): Implemented 6 input pins
    Info (21059): Implemented 23 output pins
    Info (21060): Implemented 4 bidirectional pins
    Info (21061): Implemented 113 logic cells
Info: Quartus II 32-bit Analysis & Synthesis was successful. 0 errors, 28 warnings
    Info: Peak virtual memory: 277 megabytes
    Info: Processing ended: Tue May 15 14:36:09 2012
    Info: Elapsed time: 00:00:01
    Info: Total CPU time (on all processors): 00:00:01


