Flow report for Alu
Fri May 18 17:35:29 2012
Quartus II 32-bit Version 11.1 Build 216 11/23/2011 Service Pack 1 SJ Web Edition


---------------------
; Table of Contents ;
---------------------
  1. Legal Notice
  2. Flow Summary
  3. Flow Settings
  4. Flow Non-Default Global Settings
  5. Flow Elapsed Time
  6. Flow OS Summary
  7. Flow Log



----------------
; Legal Notice ;
----------------
Copyright (C) 1991-2011 Altera Corporation
Your use of Altera Corporation's design tools, logic functions 
and other software and tools, and its AMPP partner logic 
functions, and any output files from any of the foregoing 
(including device programming or simulation files), and any 
associated documentation or information are expressly subject 
to the terms and conditions of the Altera Program License 
Subscription Agreement, Altera MegaCore Function License 
Agreement, or other applicable license agreement, including, 
without limitation, that your use is for the sole purpose of 
programming logic devices manufactured by Altera and sold by 
Altera or its authorized distributors.  Please refer to the 
applicable agreement for further details.



+---------------------------------------------------------------------------+
; Flow Summary                                                              ;
+---------------------------+-----------------------------------------------+
; Flow Status               ; Successful - Fri May 18 17:35:29 2012         ;
; Quartus II 32-bit Version ; 11.1 Build 216 11/23/2011 SP 1 SJ Web Edition ;
; Revision Name             ; Alu                                           ;
; Top-level Entity Name     ; Alu                                           ;
; Family                    ; MAX II                                        ;
; Device                    ; EPM2210F324C3                                 ;
; Timing Models             ; Final                                         ;
; Total logic elements      ; 34 / 2,210 ( 2 % )                            ;
; Total pins                ; 20 / 272 ( 7 % )                              ;
; Total virtual pins        ; 0                                             ;
; UFM blocks                ; 0 / 1 ( 0 % )                                 ;
+---------------------------+-----------------------------------------------+


+-----------------------------------------+
; Flow Settings                           ;
+-------------------+---------------------+
; Option            ; Setting             ;
+-------------------+---------------------+
; Start date & time ; 05/18/2012 17:35:22 ;
; Main task         ; Compilation         ;
; Revision Name     ; Alu                 ;
+-------------------+---------------------+


+------------------------------------------------------------------------------------------------------------------------+
; Flow Non-Default Global Settings                                                                                       ;
+---------------------------------------+---------------------------------+---------------+-------------+----------------+
; Assignment Name                       ; Value                           ; Default Value ; Entity Name ; Section Id     ;
+---------------------------------------+---------------------------------+---------------+-------------+----------------+
; COMPILER_SIGNATURE_ID                 ; 119169996750066.133738772200628 ; --            ; --          ; --             ;
; EDA_OUTPUT_DATA_FORMAT                ; Verilog Hdl                     ; --            ; --          ; eda_simulation ;
; EDA_SIMULATION_TOOL                   ; ModelSim (Verilog)              ; <None>        ; --          ; --             ;
; EDA_TIME_SCALE                        ; 1 ps                            ; --            ; --          ; eda_simulation ;
; MAX_CORE_JUNCTION_TEMP                ; 85                              ; --            ; --          ; --             ;
; MIN_CORE_JUNCTION_TEMP                ; 0                               ; --            ; --          ; --             ;
; POWER_EXT_SUPPLY_VOLTAGE_TO_REGULATOR ; 3.3V                            ; --            ; --          ; --             ;
+---------------------------------------+---------------------------------+---------------+-------------+----------------+


+-------------------------------------------------------------------------------------------------------------------------------+
; Flow Elapsed Time                                                                                                             ;
+---------------------------+--------------+-------------------------+---------------------+------------------------------------+
; Module Name               ; Elapsed Time ; Average Processors Used ; Peak Virtual Memory ; Total CPU Time (on all processors) ;
+---------------------------+--------------+-------------------------+---------------------+------------------------------------+
; Analysis & Synthesis      ; 00:00:01     ; 1.0                     ; 281 MB              ; 00:00:01                           ;
; Fitter                    ; 00:00:01     ; 1.0                     ; 310 MB              ; 00:00:01                           ;
; Assembler                 ; 00:00:01     ; 1.0                     ; 255 MB              ; 00:00:01                           ;
; TimeQuest Timing Analyzer ; 00:00:01     ; 1.0                     ; 244 MB              ; 00:00:01                           ;
; EDA Netlist Writer        ; 00:00:01     ; 1.0                     ; 233 MB              ; 00:00:00                           ;
; Total                     ; 00:00:05     ; --                      ; --                  ; 00:00:04                           ;
+---------------------------+--------------+-------------------------+---------------------+------------------------------------+


+----------------------------------------------------------------------------------------+
; Flow OS Summary                                                                        ;
+---------------------------+------------------+-----------+------------+----------------+
; Module Name               ; Machine Hostname ; OS Name   ; OS Version ; Processor type ;
+---------------------------+------------------+-----------+------------+----------------+
; Analysis & Synthesis      ; JaeleNistra      ; Windows 7 ; 6.1        ; x86_64         ;
; Fitter                    ; JaeleNistra      ; Windows 7 ; 6.1        ; x86_64         ;
; Assembler                 ; JaeleNistra      ; Windows 7 ; 6.1        ; x86_64         ;
; TimeQuest Timing Analyzer ; JaeleNistra      ; Windows 7 ; 6.1        ; x86_64         ;
; EDA Netlist Writer        ; JaeleNistra      ; Windows 7 ; 6.1        ; x86_64         ;
+---------------------------+------------------+-----------+------------+----------------+


------------
; Flow Log ;
------------
quartus_map --read_settings_files=on --write_settings_files=off Alu -c Alu
quartus_fit --read_settings_files=off --write_settings_files=off Alu -c Alu
quartus_asm --read_settings_files=off --write_settings_files=off Alu -c Alu
quartus_sta Alu -c Alu
quartus_eda --read_settings_files=off --write_settings_files=off Alu -c Alu



